{"level":"info","message":"Listening on port 3001","timestamp":"2025-09-25T06:52:05.549Z"}
{"moduleName":"DB","msg":"Connected to the database.","level":"info","message":"","timestamp":"2025-09-25T06:52:05.588Z"}
{"level":"info","message":"Listening on port 3001","timestamp":"2025-09-25T06:52:08.821Z"}
{"moduleName":"DB","msg":"Connected to the database.","level":"info","message":"","timestamp":"2025-09-25T06:52:08.842Z"}
{"moduleName":"CompanyController","msg":"ReferenceError: DEFAULT_QUERY is not defined\n    at exports.getAllCompanies (/home/algo81/Propeak/propeak-backend/controllers/company/company-controller.js:66:34)\n    at next (/home/algo81/Propeak/propeak-backend/node_modules/ultimate-express/src/router.js:553:37)\n    at /home/algo81/Propeak/propeak-backend/node_modules/ultimate-express/src/router.js:576:17\n    at new Promise (<anonymous>)\n    at Function._routeRequest (/home/algo81/Propeak/propeak-backend/node_modules/ultimate-express/src/router.js:485:16)\n    at next (/home/algo81/Propeak/propeak-backend/node_modules/ultimate-express/src/router.js:532:51)\n    at /home/algo81/Propeak/propeak-backend/node_modules/ultimate-express/src/router.js:576:17\n    at new Promise (<anonymous>)\n    at Application._routeRequest (/home/algo81/Propeak/propeak-backend/node_modules/ultimate-express/src/router.js:485:16)\n    at next (/home/algo81/Propeak/propeak-backend/node_modules/ultimate-express/src/router.js:512:45)","level":"error","message":"","timestamp":"2025-09-25T06:53:27.387Z"}
{"moduleName":"CompanyController","msg":"ReferenceError: DEFAULT_QUERY is not defined\n    at exports.getAllCompanies (/home/algo81/Propeak/propeak-backend/controllers/company/company-controller.js:66:34)\n    at next (/home/algo81/Propeak/propeak-backend/node_modules/ultimate-express/src/router.js:553:37)\n    at /home/algo81/Propeak/propeak-backend/node_modules/ultimate-express/src/router.js:576:17\n    at new Promise (<anonymous>)\n    at Function._routeRequest (/home/algo81/Propeak/propeak-backend/node_modules/ultimate-express/src/router.js:485:16)\n    at next (/home/algo81/Propeak/propeak-backend/node_modules/ultimate-express/src/router.js:532:51)\n    at /home/algo81/Propeak/propeak-backend/node_modules/ultimate-express/src/router.js:576:17\n    at new Promise (<anonymous>)\n    at Application._routeRequest (/home/algo81/Propeak/propeak-backend/node_modules/ultimate-express/src/router.js:485:16)\n    at next (/home/algo81/Propeak/propeak-backend/node_modules/ultimate-express/src/router.js:512:45)","level":"error","message":"","timestamp":"2025-09-25T06:53:27.877Z"}
{"moduleName":"CompanyController","msg":"ReferenceError: DEFAULT_QUERY is not defined\n    at exports.getAllCompanies (/home/algo81/Propeak/propeak-backend/controllers/company/company-controller.js:66:34)\n    at next (/home/algo81/Propeak/propeak-backend/node_modules/ultimate-express/src/router.js:553:37)\n    at /home/algo81/Propeak/propeak-backend/node_modules/ultimate-express/src/router.js:576:17\n    at new Promise (<anonymous>)\n    at Function._routeRequest (/home/algo81/Propeak/propeak-backend/node_modules/ultimate-express/src/router.js:485:16)\n    at next (/home/algo81/Propeak/propeak-backend/node_modules/ultimate-express/src/router.js:532:51)\n    at /home/algo81/Propeak/propeak-backend/node_modules/ultimate-express/src/router.js:576:17\n    at new Promise (<anonymous>)\n    at Application._routeRequest (/home/algo81/Propeak/propeak-backend/node_modules/ultimate-express/src/router.js:485:16)\n    at next (/home/algo81/Propeak/propeak-backend/node_modules/ultimate-express/src/router.js:512:45)","level":"error","message":"","timestamp":"2025-09-25T06:53:29.342Z"}
{"level":"info","message":"Listening on port 3001","timestamp":"2025-09-25T06:55:50.238Z"}
{"moduleName":"DB","msg":"Connected to the database.","level":"info","message":"","timestamp":"2025-09-25T06:55:50.267Z"}
{"level":"info","message":"Listening on port 3001","timestamp":"2025-09-25T06:56:17.800Z"}
{"moduleName":"DB","msg":"Connected to the database.","level":"info","message":"","timestamp":"2025-09-25T06:56:17.822Z"}
{"level":"info","message":"Listening on port 3001","timestamp":"2025-09-25T06:56:27.468Z"}
{"moduleName":"DB","msg":"Connected to the database.","level":"info","message":"","timestamp":"2025-09-25T06:56:27.496Z"}
{"level":"info","message":"Listening on port 3001","timestamp":"2025-09-25T06:56:43.048Z"}
{"moduleName":"DB","msg":"Connected to the database.","level":"info","message":"","timestamp":"2025-09-25T06:56:43.073Z"}
{"level":"info","message":"Listening on port 3001","timestamp":"2025-09-25T06:56:44.668Z"}
{"moduleName":"DB","msg":"Connected to the database.","level":"info","message":"","timestamp":"2025-09-25T06:56:44.689Z"}
{"level":"info","message":"Listening on port 3001","timestamp":"2025-09-25T06:56:45.823Z"}
{"moduleName":"DB","msg":"Connected to the database.","level":"info","message":"","timestamp":"2025-09-25T06:56:45.842Z"}
{"level":"info","message":"Listening on port 3001","timestamp":"2025-09-25T06:56:55.402Z"}
{"moduleName":"DB","msg":"Connected to the database.","level":"info","message":"","timestamp":"2025-09-25T06:56:55.422Z"}
{"level":"info","message":"Listening on port 3001","timestamp":"2025-09-25T06:57:07.147Z"}
{"moduleName":"DB","msg":"Connected to the database.","level":"info","message":"","timestamp":"2025-09-25T06:57:07.170Z"}
{"level":"info","message":"Listening on port 3001","timestamp":"2025-09-25T06:57:17.701Z"}
{"moduleName":"DB","msg":"Connected to the database.","level":"info","message":"","timestamp":"2025-09-25T06:57:17.727Z"}
{"level":"info","message":"Listening on port 3001","timestamp":"2025-09-25T06:57:28.055Z"}
{"moduleName":"DB","msg":"Connected to the database.","level":"info","message":"","timestamp":"2025-09-25T06:57:28.085Z"}
{"level":"info","message":"Listening on port 3001","timestamp":"2025-09-25T06:57:32.712Z"}
{"moduleName":"DB","msg":"Connected to the database.","level":"info","message":"","timestamp":"2025-09-25T06:57:32.743Z"}
{"level":"info","message":"Listening on port 3001","timestamp":"2025-09-25T06:58:30.989Z"}
{"moduleName":"DB","msg":"Connected to the database.","level":"info","message":"","timestamp":"2025-09-25T06:58:31.018Z"}
{"level":"info","message":"Listening on port 3001","timestamp":"2025-09-25T06:58:36.889Z"}
{"moduleName":"DB","msg":"Connected to the database.","level":"info","message":"","timestamp":"2025-09-25T06:58:36.909Z"}
{"level":"info","message":"Listening on port 3001","timestamp":"2025-09-25T06:58:38.520Z"}
{"moduleName":"DB","msg":"Connected to the database.","level":"info","message":"","timestamp":"2025-09-25T06:58:38.536Z"}
{"level":"info","message":"Listening on port 3001","timestamp":"2025-09-25T06:58:43.655Z"}
{"moduleName":"DB","msg":"Connected to the database.","level":"info","message":"","timestamp":"2025-09-25T06:58:43.674Z"}
{"level":"info","message":"Listening on port 3001","timestamp":"2025-09-25T06:58:52.653Z"}
{"moduleName":"DB","msg":"Connected to the database.","level":"info","message":"","timestamp":"2025-09-25T06:58:52.669Z"}
{"level":"info","message":"Listening on port 3001","timestamp":"2025-09-25T06:58:57.589Z"}
{"moduleName":"DB","msg":"Connected to the database.","level":"info","message":"","timestamp":"2025-09-25T06:58:57.608Z"}
{"level":"info","message":"Listening on port 3001","timestamp":"2025-09-25T06:59:12.142Z"}
{"moduleName":"DB","msg":"Connected to the database.","level":"info","message":"","timestamp":"2025-09-25T06:59:12.158Z"}
{"level":"info","message":"Listening on port 3001","timestamp":"2025-09-25T07:00:34.943Z"}
{"moduleName":"DB","msg":"Connected to the database.","level":"info","message":"","timestamp":"2025-09-25T07:00:34.958Z"}
{"level":"info","message":"Listening on port 3001","timestamp":"2025-09-25T07:00:42.976Z"}
{"moduleName":"DB","msg":"Connected to the database.","level":"info","message":"","timestamp":"2025-09-25T07:00:42.992Z"}
{"level":"info","message":"Listening on port 3001","timestamp":"2025-09-29T06:47:59.553Z"}
{"moduleName":"DB","msg":"Connected to the database.","level":"info","message":"","timestamp":"2025-09-29T06:47:59.578Z"}
{"level":"info","message":"Listening on port 3001","timestamp":"2025-09-29T06:50:37.989Z"}
{"moduleName":"DB","msg":"Connected to the database.","level":"info","message":"","timestamp":"2025-09-29T06:50:38.013Z"}
{"level":"info","message":"Listening on port 3001","timestamp":"2025-09-29T06:50:51.547Z"}
{"moduleName":"DB","msg":"Connected to the database.","level":"info","message":"","timestamp":"2025-09-29T06:50:51.579Z"}
{"level":"info","message":"Listening on port 3001","timestamp":"2025-09-29T06:51:01.663Z"}
{"moduleName":"DB","msg":"Connected to the database.","level":"info","message":"","timestamp":"2025-09-29T06:51:01.691Z"}
{"level":"info","message":"Listening on port 3001","timestamp":"2025-09-29T06:51:04.392Z"}
{"moduleName":"DB","msg":"Connected to the database.","level":"info","message":"","timestamp":"2025-09-29T06:51:04.417Z"}
{"level":"info","message":"Listening on port 3001","timestamp":"2025-09-29T06:51:14.463Z"}
{"moduleName":"DB","msg":"Connected to the database.","level":"info","message":"","timestamp":"2025-09-29T06:51:14.488Z"}
{"level":"info","message":"Listening on port 3001","timestamp":"2025-09-29T06:51:16.098Z"}
{"moduleName":"DB","msg":"Connected to the database.","level":"info","message":"","timestamp":"2025-09-29T06:51:16.121Z"}
{"level":"info","message":"Listening on port 3001","timestamp":"2025-10-08T03:42:20.705Z"}
{"moduleName":"DB","msg":"Connected to the database.","level":"info","message":"","timestamp":"2025-10-08T03:42:20.753Z"}
{"moduleName":{"$__":{"activePaths":{"paths":{},"states":{"default":{},"modify":{}}},"op":null,"saving":null,"$versionError":null,"saveOptions":null,"validating":null,"cachedRequired":{},"backup":{"activePaths":{"modify":{"userId":true,"subject":true,"url":true,"read":true,"createdOn":true,"createdBy":true,"modifiedOn":true,"modifiedBy":true},"default":{"_id":true}},"validationError":null},"inserting":true,"savedState":{}},"_doc":{"userId":"67358f799a1bfc2e1b6a8582","subject":"Your location was tracked at 8/10/2025, 9:21:33 am","url":"","read":false,"createdOn":"Wed Oct 08 2025 09:21:33 GMT+0530 (India Standard Time)","createdBy":"By Script","modifiedOn":"Wed Oct 08 2025 09:21:33 GMT+0530 (India Standard Time)","modifiedBy":"By Script","_id":{"buffer":{"0":104,"1":229,"2":223,"3":197,"4":54,"5":121,"6":73,"7":62,"8":98,"9":128,"10":144,"11":67}}},"$isNew":false},"msg":"result","level":"info","message":"","timestamp":"2025-10-08T03:51:33.443Z"}
{"level":"info","message":"message sent to the notification_queue:{\"userId\":\"67358f799a1bfc2e1b6a8582\",\"subject\":\"Your location was tracked at 8/10/2025, 9:21:33 am\",\"url\":\"\",\"read\":false,\"createdOn\":\"Wed Oct 08 2025 09:21:33 GMT+0530 (India Standard Time)\",\"createdBy\":\"By Script\",\"modifiedOn\":\"Wed Oct 08 2025 09:21:33 GMT+0530 (India Standard Time)\",\"modifiedBy\":\"By Script\",\"_id\":\"68e5dfc53679493e62809043\"}","timestamp":"2025-10-08T03:51:33.578Z"}
{"moduleName":{"$__":{"activePaths":{"paths":{},"states":{"default":{},"modify":{}}},"op":null,"saving":null,"$versionError":null,"saveOptions":null,"validating":null,"cachedRequired":{},"backup":{"activePaths":{"modify":{"userId":true,"subject":true,"url":true,"read":true,"createdOn":true,"createdBy":true,"modifiedOn":true,"modifiedBy":true},"default":{"_id":true}},"validationError":null},"inserting":true,"savedState":{}},"_doc":{"userId":"67358f799a1bfc2e1b6a8582","subject":"Your location was tracked at 8/10/2025, 9:21:34 am","url":"","read":false,"createdOn":"Wed Oct 08 2025 09:21:34 GMT+0530 (India Standard Time)","createdBy":"By Script","modifiedOn":"Wed Oct 08 2025 09:21:34 GMT+0530 (India Standard Time)","modifiedBy":"By Script","_id":{"buffer":{"0":104,"1":229,"2":223,"3":198,"4":54,"5":121,"6":73,"7":62,"8":98,"9":128,"10":144,"11":226}}},"$isNew":false},"msg":"result","level":"info","message":"","timestamp":"2025-10-08T03:51:34.743Z"}
{"level":"info","message":"message sent to the notification_queue:{\"userId\":\"67358f799a1bfc2e1b6a8582\",\"subject\":\"Your location was tracked at 8/10/2025, 9:21:34 am\",\"url\":\"\",\"read\":false,\"createdOn\":\"Wed Oct 08 2025 09:21:34 GMT+0530 (India Standard Time)\",\"createdBy\":\"By Script\",\"modifiedOn\":\"Wed Oct 08 2025 09:21:34 GMT+0530 (India Standard Time)\",\"modifiedBy\":\"By Script\",\"_id\":\"68e5dfc63679493e628090e2\"}","timestamp":"2025-10-08T03:51:34.868Z"}
{"moduleName":{"$__":{"activePaths":{"paths":{},"states":{"default":{},"modify":{}}},"op":null,"saving":null,"$versionError":null,"saveOptions":null,"validating":null,"cachedRequired":{},"backup":{"activePaths":{"modify":{"userId":true,"subject":true,"url":true,"read":true,"createdOn":true,"createdBy":true,"modifiedOn":true,"modifiedBy":true},"default":{"_id":true}},"validationError":null},"inserting":true,"savedState":{}},"_doc":{"userId":"67358f799a1bfc2e1b6a8582","subject":"Your location was tracked at 8/10/2025, 9:21:35 am","url":"","read":false,"createdOn":"Wed Oct 08 2025 09:21:35 GMT+0530 (India Standard Time)","createdBy":"By Script","modifiedOn":"Wed Oct 08 2025 09:21:35 GMT+0530 (India Standard Time)","modifiedBy":"By Script","_id":{"buffer":{"0":104,"1":229,"2":223,"3":199,"4":54,"5":121,"6":73,"7":62,"8":98,"9":128,"10":145,"11":47}}},"$isNew":false},"msg":"result","level":"info","message":"","timestamp":"2025-10-08T03:51:35.359Z"}
{"level":"info","message":"message sent to the notification_queue:{\"userId\":\"67358f799a1bfc2e1b6a8582\",\"subject\":\"Your location was tracked at 8/10/2025, 9:21:35 am\",\"url\":\"\",\"read\":false,\"createdOn\":\"Wed Oct 08 2025 09:21:35 GMT+0530 (India Standard Time)\",\"createdBy\":\"By Script\",\"modifiedOn\":\"Wed Oct 08 2025 09:21:35 GMT+0530 (India Standard Time)\",\"modifiedBy\":\"By Script\",\"_id\":\"68e5dfc73679493e6280912f\"}","timestamp":"2025-10-08T03:51:35.486Z"}
{"moduleName":{"$__":{"activePaths":{"paths":{},"states":{"default":{},"modify":{}}},"op":null,"saving":null,"$versionError":null,"saveOptions":null,"validating":null,"cachedRequired":{},"backup":{"activePaths":{"modify":{"userId":true,"subject":true,"url":true,"read":true,"createdOn":true,"createdBy":true,"modifiedOn":true,"modifiedBy":true},"default":{"_id":true}},"validationError":null},"inserting":true,"savedState":{}},"_doc":{"userId":"67358f799a1bfc2e1b6a8582","subject":"Your location was tracked at 8/10/2025, 9:21:36 am","url":"","read":false,"createdOn":"Wed Oct 08 2025 09:21:36 GMT+0530 (India Standard Time)","createdBy":"By Script","modifiedOn":"Wed Oct 08 2025 09:21:36 GMT+0530 (India Standard Time)","modifiedBy":"By Script","_id":{"buffer":{"0":104,"1":229,"2":223,"3":200,"4":54,"5":121,"6":73,"7":62,"8":98,"9":128,"10":145,"11":125}}},"$isNew":false},"msg":"result","level":"info","message":"","timestamp":"2025-10-08T03:51:36.575Z"}
{"level":"info","message":"message sent to the notification_queue:{\"userId\":\"67358f799a1bfc2e1b6a8582\",\"subject\":\"Your location was tracked at 8/10/2025, 9:21:36 am\",\"url\":\"\",\"read\":false,\"createdOn\":\"Wed Oct 08 2025 09:21:36 GMT+0530 (India Standard Time)\",\"createdBy\":\"By Script\",\"modifiedOn\":\"Wed Oct 08 2025 09:21:36 GMT+0530 (India Standard Time)\",\"modifiedBy\":\"By Script\",\"_id\":\"68e5dfc83679493e6280917d\"}","timestamp":"2025-10-08T03:51:36.682Z"}
{"moduleName":{"$__":{"activePaths":{"paths":{},"states":{"default":{},"modify":{}}},"op":null,"saving":null,"$versionError":null,"saveOptions":null,"validating":null,"cachedRequired":{},"backup":{"activePaths":{"modify":{"userId":true,"subject":true,"url":true,"read":true,"createdOn":true,"createdBy":true,"modifiedOn":true,"modifiedBy":true},"default":{"_id":true}},"validationError":null},"inserting":true,"savedState":{}},"_doc":{"userId":"67358f799a1bfc2e1b6a8582","subject":"Your location was tracked at 8/10/2025, 9:21:37 am","url":"","read":false,"createdOn":"Wed Oct 08 2025 09:21:37 GMT+0530 (India Standard Time)","createdBy":"By Script","modifiedOn":"Wed Oct 08 2025 09:21:37 GMT+0530 (India Standard Time)","modifiedBy":"By Script","_id":{"buffer":{"0":104,"1":229,"2":223,"3":201,"4":54,"5":121,"6":73,"7":62,"8":98,"9":128,"10":145,"11":204}}},"$isNew":false},"msg":"result","level":"info","message":"","timestamp":"2025-10-08T03:51:37.611Z"}
{"level":"info","message":"message sent to the notification_queue:{\"userId\":\"67358f799a1bfc2e1b6a8582\",\"subject\":\"Your location was tracked at 8/10/2025, 9:21:37 am\",\"url\":\"\",\"read\":false,\"createdOn\":\"Wed Oct 08 2025 09:21:37 GMT+0530 (India Standard Time)\",\"createdBy\":\"By Script\",\"modifiedOn\":\"Wed Oct 08 2025 09:21:37 GMT+0530 (India Standard Time)\",\"modifiedBy\":\"By Script\",\"_id\":\"68e5dfc93679493e628091cc\"}","timestamp":"2025-10-08T03:51:37.717Z"}
{"level":"info","message":"Listening on port 3001","timestamp":"2025-10-08T03:57:41.811Z"}
{"moduleName":"DB","msg":"Connected to the database.","level":"info","message":"","timestamp":"2025-10-08T03:57:41.842Z"}
{"level":"info","message":"Listening on port 3001","timestamp":"2025-10-08T03:57:59.915Z"}
{"moduleName":"DB","msg":"Connected to the database.","level":"info","message":"","timestamp":"2025-10-08T03:57:59.945Z"}
